<?xml version="1.0" encoding="UTF-8"?>
<!-- Generated by org.testng.reporters.JUnitReportReporter -->
<testsuite skipped="1" hostname="WKC001704091" name="testcases.TC001LoginLogoutTest" tests="1" failures="0" timestamp="15 May 2019 14:50:27 GMT" time="0.000" errors="0">
  <testcase name="loginLogout" time="0.000" classname="testcases.TC001LoginLogoutTest">
    <skipped/>
  </testcase> <!-- loginLogout -->
</testsuite> <!-- testcases.TC001LoginLogoutTest -->
